sample.interval=20000
"FUN" "apply" "covCLT" 
"FUN" "apply" "covCLT" 
"FUN" "apply" "covCLT" 
"ncol" "eigen" "FUN" "apply" "covCLT" 
"isSymmetric.matrix" "eigen" "FUN" "apply" "covCLT" 
"length" "attr.all.equal" "all.equal.character" "attr.all.equal" "all.equal.list" "all.equal" "attr.all.equal" "all.equal.numeric" "all.equal" "isSymmetric.matrix" "eigen" "FUN" "apply" "covCLT" 
"order" "attr.all.equal" "all.equal.numeric" "all.equal" "isSymmetric.matrix" "eigen" "FUN" "apply" "covCLT" 
"all.equal.character" "attr.all.equal" "all.equal.list" "all.equal" "attr.all.equal" "all.equal.numeric" "all.equal" "isSymmetric.matrix" "eigen" "FUN" "apply" "covCLT" 
"attr.all.equal" "all.equal.list" "all.equal" "attr.all.equal" "all.equal.numeric" "all.equal" "isSymmetric.matrix" "eigen" "FUN" "apply" "covCLT" 
"any" "all.equal.character" "attr.all.equal" "all.equal.list" "all.equal" "attr.all.equal" "all.equal.numeric" "all.equal" "isSymmetric.matrix" "eigen" "FUN" "apply" "covCLT" 
"eigen" "FUN" "apply" "covCLT" 
"all.equal" "all.equal.list" "all.equal" "attr.all.equal" "all.equal.numeric" "all.equal" "isSymmetric.matrix" "eigen" "FUN" "apply" "covCLT" 
"rev" "eigen" "FUN" "apply" "covCLT" 
"mode" "attr.all.equal" "all.equal.list" "all.equal" "attr.all.equal" "all.equal.numeric" "all.equal" "isSymmetric.matrix" "eigen" "FUN" "apply" "covCLT" 
"all.equal.numeric" "all.equal" "isSymmetric.matrix" "eigen" "FUN" "apply" "covCLT" 
"attr.all.equal" "all.equal.numeric" "all.equal" "all.equal.list" "all.equal" "attr.all.equal" "all.equal.numeric" "all.equal" "isSymmetric.matrix" "eigen" "FUN" "apply" "covCLT" 
"attr.all.equal" "all.equal.numeric" "all.equal" "isSymmetric.matrix" "eigen" "FUN" "apply" "covCLT" 
"eigen" "FUN" "apply" "covCLT" 
"mode" "attr.all.equal" "all.equal.numeric" "all.equal" "isSymmetric.matrix" "eigen" "FUN" "apply" "covCLT" 
"all.equal.numeric" "all.equal" "isSymmetric.matrix" "eigen" "FUN" "apply" "covCLT" 
"nrow" "eigen" "FUN" "apply" "covCLT" 
"all.equal.list" "all.equal" "attr.all.equal" "all.equal.numeric" "all.equal" "isSymmetric.matrix" "eigen" "FUN" "apply" "covCLT" 
"attr.all.equal" "all.equal.character" "attr.all.equal" "all.equal.list" "all.equal" "attr.all.equal" "all.equal.numeric" "all.equal" "isSymmetric.matrix" "eigen" "FUN" "apply" "covCLT" 
"rev" "eigen" "FUN" "apply" "covCLT" 
"all.equal" "all.equal.list" "all.equal" "attr.all.equal" "all.equal.numeric" "all.equal" "isSymmetric.matrix" "eigen" "FUN" "apply" "covCLT" 
"order" "attr.all.equal" "all.equal.numeric" "all.equal" "isSymmetric.matrix" "eigen" "FUN" "apply" "covCLT" 
"isTRUE" "isSymmetric.matrix" "eigen" "FUN" "apply" "covCLT" 
"mode" "attr.all.equal" "all.equal.numeric" "all.equal" "all.equal.list" "all.equal" "attr.all.equal" "all.equal.numeric" "all.equal" "isSymmetric.matrix" "eigen" "FUN" "apply" "covCLT" 
"t.default" "t" "mode" "attr.all.equal" "all.equal.numeric" "all.equal" "isSymmetric.matrix" "eigen" "FUN" "apply" "covCLT" 
"eigen" "FUN" "apply" "covCLT" 
"eigen" "FUN" "apply" "covCLT" 
"attr.all.equal" "all.equal.character" "attr.all.equal" "all.equal.list" "all.equal" "attr.all.equal" "all.equal.numeric" "all.equal" "isSymmetric.matrix" "eigen" "FUN" "apply" "covCLT" 
"all.equal.list" "all.equal" "attr.all.equal" "all.equal.numeric" "all.equal" "isSymmetric.matrix" "eigen" "FUN" "apply" "covCLT" 
"t.default" "t" "mode" "attr.all.equal" "all.equal.numeric" "all.equal" "isSymmetric.matrix" "eigen" "FUN" "apply" "covCLT" 
"match.fun" "lapply" "unlist" "order" "attr.all.equal" "all.equal.numeric" "all.equal" "isSymmetric.matrix" "eigen" "FUN" "apply" "covCLT" 
"any" "all.equal.character" "attr.all.equal" "all.equal.list" "all.equal" "attr.all.equal" "all.equal.numeric" "all.equal" "isSymmetric.matrix" "eigen" "FUN" "apply" "covCLT" 
"attr.all.equal" "all.equal.numeric" "all.equal" "all.equal.list" "all.equal" "attr.all.equal" "all.equal.numeric" "all.equal" "isSymmetric.matrix" "eigen" "FUN" "apply" "covCLT" 
"mode" "attr.all.equal" "all.equal.numeric" "all.equal" "isSymmetric.matrix" "eigen" "FUN" "apply" "covCLT" 
"unlist" "order" "attr.all.equal" "all.equal.numeric" "all.equal" "isSymmetric.matrix" "eigen" "FUN" "apply" "covCLT" 
"all.equal.numeric" "all.equal" "isSymmetric.matrix" "eigen" "FUN" "apply" "covCLT" 
"array" "apply" "covCLT" 
"*" "all.equal.numeric" "all.equal" "isSymmetric.matrix" "eigen" "FUN" "apply" "covCLT" 
"as.matrix" "unname" "eigen" "FUN" "apply" "covCLT" 
"data.class" "all.equal.numeric" "all.equal" "all.equal.list" "all.equal" "attr.all.equal" "all.equal.numeric" "all.equal" "isSymmetric.matrix" "eigen" "FUN" "apply" "covCLT" 
"as.matrix" "unname" "eigen" "FUN" "apply" "covCLT" 
"eigen" "FUN" "apply" "covCLT" 
"eigen" "FUN" "apply" "covCLT" 
"as.vector" "all.equal.numeric" "all.equal" "isSymmetric.matrix" "eigen" "FUN" "apply" "covCLT" 
